/Users/alice/Library/Python/3.9/lib/python/site-packages/urllib3/__init__.py:35: NotOpenSSLWarning: urllib3 v2 only supports OpenSSL 1.1.1+, currently the 'ssl' module is compiled with 'LibreSSL 2.8.3'. See: https://github.com/urllib3/urllib3/issues/3020
  warnings.warn(
=== HYPERLIQUID REALTIME TRACKER ===
Wallets:     10
Source:      /Users/alice/Documents/nnt/CODE/trading-tmk/data/copy_trade/hyperliquid_tracking_universe.csv
Interval:    3.0s
State:       /Users/alice/Documents/nnt/CODE/trading-tmk/data/copy_trade/hyperliquid_tracker_state.json
Positions:   /Users/alice/Documents/nnt/CODE/trading-tmk/data/copy_trade/hyperliquid_position_events.csv
Fills:       /Users/alice/Documents/nnt/CODE/trading-tmk/data/copy_trade/hyperliquid_fill_events.csv

[2026-06-11T10:18:41+00:00] hl_error wallet=0x4f9b0963 Hyperliquid API failed for userFills: None
[2026-06-11T10:18:47+00:00] hl_error wallet=0xfce053a5 Hyperliquid API failed for clearinghouseState: None
[2026-06-11T10:18:54+00:00] hl_error wallet=0x7725a7f2 Hyperliquid API failed for clearinghouseState: None
[2026-06-11T10:18:27+00:00] 0x66668859 OPEN     LONG  HYPE     0->450000 uPnL=7209225.99 liq=40.21
[2026-06-11T10:18:28+00:00] 0xd62d484b OPEN     SHORT BTC      0->-278.769 uPnL=3437383.12 liq=92845.15
[2026-06-11T10:18:29+00:00] 0x50b309f7 OPEN     SHORT BTC      0->-494.402 uPnL=-247427.05 liq=76132.44
[2026-06-11T10:18:30+00:00] 0xbcd420d1 OPEN     SHORT BTC      0->-23.9048 uPnL=-25831.71 liq=161006.77
[2026-06-11T10:18:30+00:00] 0xbcd420d1 OPEN     LONG  HYPE     0->18020.3 uPnL=-46940.01 liq=-
[2026-06-11T10:19:14+00:00] hl_error wallet=0x5559da6e Hyperliquid API failed for clearinghouseState: None
[2026-06-11T10:19:27+00:00] hl_error wallet=0xfce053a5 Hyperliquid API failed for userFills: None
[2026-06-11T10:19:33+00:00] hl_error wallet=0x7725a7f2 Hyperliquid API failed for clearinghouseState: None
[2026-06-11T10:19:17+00:00] 0x4f9b0963 OPEN     LONG  HYPE     0->240000 uPnL=4911251.41 liq=29.66
[2026-04-07T20:06:17+00:00] 0x4f9b0963 Close Long     HYPE     px=37.12 size=40.64 closedPnL=72.69
[2026-04-07T20:06:17+00:00] 0x4f9b0963 Close Long     HYPE     px=37.12 size=50.00 closedPnL=89.43
[2026-04-07T20:06:17+00:00] 0x4f9b0963 Close Long     HYPE     px=37.12 size=0.29 closedPnL=0.52
[2026-04-07T20:06:17+00:00] 0x4f9b0963 Close Long     HYPE     px=37.12 size=95.36 closedPnL=170.66
[2026-06-11T10:19:43+00:00] hl_error wallet=0x66668859 Hyperliquid API failed for clearinghouseState: None
[2026-06-11T10:19:50+00:00] hl_error wallet=0xd62d484b Hyperliquid API failed for clearinghouseState: None
[2026-06-11T10:19:57+00:00] hl_error wallet=0x50b309f7 Hyperliquid API failed for clearinghouseState: None
[2026-06-11T10:20:07+00:00] 0xfce053a5 OPEN     SHORT BTC      0->-20 uPnL=360031.42 liq=175203.85
[2026-06-11T10:20:07+00:00] 0xfce053a5 OPEN     SHORT ETH      0->-1236.5 uPnL=1958681.21 liq=3459.63
[2026-06-11T10:20:07+00:00] 0x7725a7f2 OPEN     SHORT AAVE     0->-8304 uPnL=501217.69 liq=133.29
[2026-06-11T10:20:07+00:00] 0x7725a7f2 OPEN     LONG  ADA      0->1.53155e+06 uPnL=-161923.23 liq=-
[2026-06-11T10:20:07+00:00] 0x7725a7f2 OPEN     SHORT ASTER    0->-1.31819e+06 uPnL=83695.35 liq=1.05
[2026-06-11T10:20:21+00:00] hl_error wallet=0x66668859 Hyperliquid API failed for clearinghouseState: None
[2026-06-11T10:20:27+00:00] hl_error wallet=0xd62d484b Hyperliquid API failed for userFills: None
[2026-06-11T10:20:34+00:00] hl_error wallet=0x50b309f7 Hyperliquid API failed for clearinghouseState: None
[2026-06-11T10:20:40+00:00] hl_error wallet=0xbcd420d1 Hyperliquid API failed for clearinghouseState: None
[2026-06-11T10:20:47+00:00] hl_error wallet=0x525232cb Hyperliquid API failed for clearinghouseState: None
[2026-06-11T10:20:54+00:00] hl_error wallet=0xc6758a77 Hyperliquid API failed for clearinghouseState: None
[2026-06-11T10:21:00+00:00] hl_error wallet=0x5559da6e Hyperliquid API failed for clearinghouseState: None
[2026-06-11T10:21:03+00:00] heartbeat wallets=10 active_positions_wallets=10 events=0
[2026-06-11T10:21:21+00:00] hl_error wallet=0x50b309f7 Hyperliquid API failed for clearinghouseState: None
[2026-06-11T10:21:27+00:00] hl_error wallet=0xbcd420d1 Hyperliquid API failed for clearinghouseState: None
[2026-06-11T10:21:34+00:00] hl_error wallet=0x525232cb Hyperliquid API failed for clearinghouseState: None
[2026-06-11T10:21:40+00:00] hl_error wallet=0xc6758a77 Hyperliquid API failed for clearinghouseState: None
[2026-06-11T10:21:48+00:00] hl_error wallet=0x5559da6e Hyperliquid API failed for clearinghouseState: None
[2026-06-11T10:21:54+00:00] hl_error wallet=0x4f9b0963 Hyperliquid API failed for clearinghouseState: None
[2026-06-11T10:22:00+00:00] hl_error wallet=0xfce053a5 Hyperliquid API failed for clearinghouseState: None
[2026-06-11T10:22:02+00:00] heartbeat wallets=10 active_positions_wallets=10 events=0
[2026-06-11T10:22:18+00:00] hl_error wallet=0x5559da6e Hyperliquid API failed for clearinghouseState: None
[2026-06-11T10:22:25+00:00] hl_error wallet=0x4f9b0963 Hyperliquid API failed for clearinghouseState: None
[2026-06-11T10:22:31+00:00] hl_error wallet=0xfce053a5 Hyperliquid API failed for clearinghouseState: None
[2026-06-11T10:22:38+00:00] hl_error wallet=0x7725a7f2 Hyperliquid API failed for clearinghouseState: None
[2026-06-11T10:22:38+00:00] heartbeat wallets=10 active_positions_wallets=10 events=0
[2026-06-11T10:22:48+00:00] hl_error wallet=0x66668859 Hyperliquid API failed for clearinghouseState: None
[2026-06-11T10:22:54+00:00] hl_error wallet=0xd62d484b Hyperliquid API failed for clearinghouseState: None
[2026-06-11T10:23:01+00:00] hl_error wallet=0x50b309f7 Hyperliquid API failed for clearinghouseState: None
[2026-06-11T10:23:09+00:00] heartbeat wallets=10 active_positions_wallets=10 events=0
[2026-06-11T10:23:20+00:00] hl_error wallet=0x66668859 Hyperliquid API failed for userFills: None
[2026-06-11T10:23:26+00:00] hl_error wallet=0xd62d484b Hyperliquid API failed for clearinghouseState: None
[2026-06-11T10:23:33+00:00] hl_error wallet=0x50b309f7 Hyperliquid API failed for clearinghouseState: None
[2026-06-11T10:23:40+00:00] hl_error wallet=0xbcd420d1 Hyperliquid API failed for clearinghouseState: None
[2026-06-11T10:23:46+00:00] hl_error wallet=0x525232cb Hyperliquid API failed for clearinghouseState: None
[2026-06-11T10:23:53+00:00] hl_error wallet=0xc6758a77 Hyperliquid API failed for clearinghouseState: None
[2026-06-11T10:24:00+00:00] hl_error wallet=0x5559da6e Hyperliquid API failed for clearinghouseState: None
[2026-06-11T10:24:04+00:00] heartbeat wallets=10 active_positions_wallets=10 events=0
[2026-06-11T10:24:25+00:00] hl_error wallet=0xbcd420d1 Hyperliquid API failed for clearinghouseState: None
[2026-06-11T10:24:31+00:00] hl_error wallet=0x525232cb Hyperliquid API failed for clearinghouseState: None
[2026-06-11T10:24:38+00:00] hl_error wallet=0xc6758a77 Hyperliquid API failed for clearinghouseState: None
[2026-06-11T10:24:44+00:00] hl_error wallet=0x5559da6e Hyperliquid API failed for clearinghouseState: None
[2026-06-11T10:24:51+00:00] hl_error wallet=0x4f9b0963 Hyperliquid API failed for clearinghouseState: None
[2026-06-11T10:24:57+00:00] hl_error wallet=0xfce053a5 Hyperliquid API failed for clearinghouseState: None
[2026-06-11T10:25:02+00:00] heartbeat wallets=10 active_positions_wallets=10 events=0
[2026-06-11T10:25:19+00:00] hl_error wallet=0x525232cb Hyperliquid API failed for clearinghouseState: None
[2026-06-11T10:25:26+00:00] hl_error wallet=0xc6758a77 Hyperliquid API failed for clearinghouseState: None
[2026-06-11T10:25:32+00:00] hl_error wallet=0x5559da6e Hyperliquid API failed for clearinghouseState: None
[2026-06-11T10:25:39+00:00] hl_error wallet=0x4f9b0963 Hyperliquid API failed for clearinghouseState: None
[2026-06-11T10:25:45+00:00] hl_error wallet=0xfce053a5 Hyperliquid API failed for clearinghouseState: None
[2026-06-11T10:25:52+00:00] hl_error wallet=0x7725a7f2 Hyperliquid API failed for clearinghouseState: None
[2026-06-11T10:25:52+00:00] heartbeat wallets=10 active_positions_wallets=10 events=0
[2026-06-11T10:26:02+00:00] hl_error wallet=0x66668859 Hyperliquid API failed for clearinghouseState: None
[2026-06-11T10:26:21+00:00] hl_error wallet=0xfce053a5 Hyperliquid API failed for userFills: None
[2026-06-11T10:26:27+00:00] hl_error wallet=0x7725a7f2 Hyperliquid API failed for clearinghouseState: None
